
> banquito-app@0.0.0 build
> tsc -b && vite build

src/components/Layout.tsx(3,175): error TS6133: 'Plus' is declared but its value is never read.
src/components/Layout.tsx(3,181): error TS6133: 'TrendingUp' is declared but its value is never read.
src/components/Layout.tsx(3,193): error TS6133: 'Calendar' is declared but its value is never read.
src/components/Layout.tsx(3,203): error TS6133: 'ChevronDown' is declared but its value is never read.
src/components/Layout.tsx(3,216): error TS6133: 'ChevronUp' is declared but its value is never read.
src/components/Layout.tsx(3,227): error TS6133: 'Edit2' is declared but its value is never read.
src/components/Layout.tsx(3,234): error TS6133: 'Trash2' is declared but its value is never read.
src/components/Layout.tsx(3,242): error TS6133: 'Check' is declared but its value is never read.
src/components/Layout.tsx(3,249): error TS6133: 'ExternalLink' is declared but its value is never read.
src/components/Layout.tsx(42,54): error TS2345: Argument of type 'string' is not assignable to parameter of type 'Permission'.
src/context/BanquitoContext.tsx(2,82): error TS6196: 'LoanPayment' is declared but never used.
src/pages/GeneralReport.tsx(78,32): error TS2345: Argument of type '(this: undefined, m: Member) => { member: Member; actionAlias: string; }[] | { member: Member; actionAlias: undefined; }[]' is not assignable to parameter of type '(this: undefined, value: Member, index: number, array: Member[]) => { member: Member; actionAlias: string; } | readonly { member: Member; actionAlias: string; }[]'.
  Type '{ member: Member; actionAlias: string; }[] | { member: Member; actionAlias: undefined; }[]' is not assignable to type '{ member: Member; actionAlias: string; } | readonly { member: Member; actionAlias: string; }[]'.
    Type '{ member: Member; actionAlias: undefined; }[]' is not assignable to type '{ member: Member; actionAlias: string; } | readonly { member: Member; actionAlias: string; }[]'.
      Type '{ member: Member; actionAlias: undefined; }[]' is not assignable to type 'readonly { member: Member; actionAlias: string; }[]'.
        Type '{ member: Member; actionAlias: undefined; }' is not assignable to type '{ member: Member; actionAlias: string; }'.
          Types of property 'actionAlias' are incompatible.
            Type 'undefined' is not assignable to type 'string'.
src/pages/Payments.tsx(6,45): error TS6133: 'ArrowLeft' is declared but its value is never read.
